# JRE version: OpenJDK Runtime Environment (21.0.10) (build 21.0.10+-14961533-b1163.108)
# Java VM: OpenJDK 64-Bit Server VM (21.0.10+-14961533-b1163.108, mixed mode, tiered, compressed oops, compressed class ptrs, g1 gc, linux-amd64)
GC Precious Log:
 CardTable entry size: 512
 Card Set container configuration: InlinePtr #cards 5 size 8 Array Of Cards #cards 12 size 40 Howl #buckets 4 coarsen threshold 1843 Howl Bitmap #cards 512 size 80 coarsen threshold 460 Card regions per heap region 1 cards per card region 2048
 CPUs: 4 total, 4 available
 Memory: 7683M
 Large Page Support: Disabled
 NUMA Support: Disabled
 Compressed Oops: Enabled (32-bit)
 Heap Region Size: 1M
 Heap Min Capacity: 8M
 Heap Initial Capacity: 122M
 Heap Max Capacity: 2G
 Pre-touch: Disabled
 Parallel Workers: 4
 Concurrent Workers: 1
 Concurrent Refinement Workers: 4
 Periodic GC: Disabled
Heap:
 garbage-first heap   total 362496K, used 332254K [0x0000000080000000, 0x0000000100000000)
  region size 1024K, 136 young (139264K), 5 survivors (5120K)
 Metaspace       used 142315K, committed 144960K, reserved 1179648K
  class space    used 19375K, committed 20672K, reserved 1048576K
GC Heap History (20 events):
Event: 52.329 GC heap before
{Heap before GC invocations=36 (full 0):
 garbage-first heap   total 209920K, used 194979K [0x0000000080000000, 0x0000000100000000)
  region size 1024K, 75 young (76800K), 10 survivors (10240K)
 Metaspace       used 106268K, committed 108672K, reserved 1179648K
  class space    used 15159K, committed 16320K, reserved 1048576K
}
Event: 52.382 GC heap after
{Heap after GC invocations=37 (full 0):
 garbage-first heap   total 209920K, used 131474K [0x0000000080000000, 0x0000000100000000)
  region size 1024K, 8 young (8192K), 8 survivors (8192K)
 Metaspace       used 106268K, committed 108672K, reserved 1179648K
  class space    used 15159K, committed 16320K, reserved 1048576K
}
Event: 53.298 GC heap before
{Heap before GC invocations=38 (full 0):
 garbage-first heap   total 220160K, used 194962K [0x0000000080000000, 0x0000000100000000)
  region size 1024K, 70 young (71680K), 8 survivors (8192K)
 Metaspace       used 106268K, committed 108672K, reserved 1179648K
  class space    used 15159K, committed 16320K, reserved 1048576K
}
Event: 53.333 GC heap after
{Heap after GC invocations=39 (full 0):
 garbage-first heap   total 220160K, used 133847K [0x0000000080000000, 0x0000000100000000)
  region size 1024K, 5 young (5120K), 5 survivors (5120K)
 Metaspace       used 106268K, committed 108672K, reserved 1179648K
  class space    used 15159K, committed 16320K, reserved 1048576K
}
Event: 53.838 GC heap before
{Heap before GC invocations=39 (full 0):
 garbage-first heap   total 220160K, used 203479K [0x0000000080000000, 0x0000000100000000)
  region size 1024K, 73 young (74752K), 5 survivors (5120K)
 Metaspace       used 106268K, committed 108672K, reserved 1179648K
  class space    used 15159K, committed 16320K, reserved 1048576K
}
Event: 53.874 GC heap after
{Heap after GC invocations=40 (full 0):
 garbage-first heap   total 362496K, used 133591K [0x0000000080000000, 0x0000000100000000)
  region size 1024K, 8 young (8192K), 8 survivors (8192K)
 Metaspace       used 106268K, committed 108672K, reserved 1179648K
  class space    used 15159K, committed 16320K, reserved 1048576K
}
Event: 59.557 GC heap before
{Heap before GC invocations=40 (full 0):
 garbage-first heap   total 362496K, used 309719K [0x0000000080000000, 0x0000000100000000)
  region size 1024K, 179 young (183296K), 8 survivors (8192K)
 Metaspace       used 117451K, committed 119808K, reserved 1179648K
  class space    used 16611K, committed 17792K, reserved 1048576K
}
Event: 59.640 GC heap after
{Heap after GC invocations=41 (full 0):
 garbage-first heap   total 362496K, used 141019K [0x0000000080000000, 0x0000000100000000)
  region size 1024K, 15 young (15360K), 15 survivors (15360K)
 Metaspace       used 117451K, committed 119808K, reserved 1179648K
  class space    used 16611K, committed 17792K, reserved 1048576K
}
Event: 63.803 GC heap before
{Heap before GC invocations=41 (full 0):
 garbage-first heap   total 362496K, used 321243K [0x0000000080000000, 0x0000000100000000)
  region size 1024K, 187 young (191488K), 15 survivors (15360K)
 Metaspace       used 123108K, committed 125632K, reserved 1179648K
  class space    used 17132K, committed 18368K, reserved 1048576K
}
Event: 63.891 GC heap after
{Heap after GC invocations=42 (full 0):
 garbage-first heap   total 362496K, used 151767K [0x0000000080000000, 0x0000000100000000)
  region size 1024K, 23 young (23552K), 23 survivors (23552K)
 Metaspace       used 123108K, committed 125632K, reserved 1179648K
  class space    used 17132K, committed 18368K, reserved 1048576K
}
Event: 341.157 GC heap before
{Heap before GC invocations=42 (full 0):
 garbage-first heap   total 362496K, used 320727K [0x0000000080000000, 0x0000000100000000)
  region size 1024K, 188 young (192512K), 23 survivors (23552K)
 Metaspace       used 129840K, committed 132480K, reserved 1179648K
  class space    used 17961K, committed 19264K, reserved 1048576K
}
Event: 341.207 GC heap after
{Heap after GC invocations=43 (full 0):
 garbage-first heap   total 362496K, used 163328K [0x0000000080000000, 0x0000000100000000)
  region size 1024K, 16 young (16384K), 16 survivors (16384K)
 Metaspace       used 129840K, committed 132480K, reserved 1179648K
  class space    used 17961K, committed 19264K, reserved 1048576K
}
Event: 342.936 GC heap before
{Heap before GC invocations=43 (full 0):
 garbage-first heap   total 362496K, used 321024K [0x0000000080000000, 0x0000000100000000)
  region size 1024K, 171 young (175104K), 16 survivors (16384K)
 Metaspace       used 135413K, committed 138048K, reserved 1179648K
  class space    used 18737K, committed 20032K, reserved 1048576K
}
Event: 342.967 GC heap after
{Heap after GC invocations=44 (full 0):
 garbage-first heap   total 362496K, used 184320K [0x0000000080000000, 0x0000000100000000)
  region size 1024K, 22 young (22528K), 22 survivors (22528K)
 Metaspace       used 135413K, committed 138048K, reserved 1179648K
  class space    used 18737K, committed 20032K, reserved 1048576K
}
Event: 344.220 GC heap before
{Heap before GC invocations=45 (full 0):
 garbage-first heap   total 362496K, used 325632K [0x0000000080000000, 0x0000000100000000)
  region size 1024K, 154 young (157696K), 22 survivors (22528K)
 Metaspace       used 140958K, committed 143680K, reserved 1179648K
  class space    used 19273K, committed 20608K, reserved 1048576K
}
Event: 344.245 GC heap after
{Heap after GC invocations=46 (full 0):
 garbage-first heap   total 362496K, used 196608K [0x0000000080000000, 0x0000000100000000)
  region size 1024K, 10 young (10240K), 10 survivors (10240K)
 Metaspace       used 140958K, committed 143680K, reserved 1179648K
  class space    used 19273K, committed 20608K, reserved 1048576K
}
Event: 344.519 GC heap before
{Heap before GC invocations=46 (full 0):
 garbage-first heap   total 362496K, used 322560K [0x0000000080000000, 0x0000000100000000)
  region size 1024K, 134 young (137216K), 10 survivors (10240K)
 Metaspace       used 142157K, committed 144832K, reserved 1179648K
  class space    used 19373K, committed 20672K, reserved 1048576K
}
Event: 344.534 GC heap after
{Heap after GC invocations=47 (full 0):
 garbage-first heap   total 362496K, used 196608K [0x0000000080000000, 0x0000000100000000)
  region size 1024K, 11 young (11264K), 11 survivors (11264K)
 Metaspace       used 142157K, committed 144832K, reserved 1179648K
  class space    used 19373K, committed 20672K, reserved 1048576K
}
Event: 344.723 GC heap before
{Heap before GC invocations=47 (full 0):
 garbage-first heap   total 362496K, used 328704K [0x0000000080000000, 0x0000000100000000)
  region size 1024K, 141 young (144384K), 11 survivors (11264K)
 Metaspace       used 142273K, committed 144960K, reserved 1179648K
  class space    used 19373K, committed 20672K, reserved 1048576K
}
Event: 344.734 GC heap after
{Heap after GC invocations=48 (full 0):
 garbage-first heap   total 362496K, used 199134K [0x0000000080000000, 0x0000000100000000)
  region size 1024K, 5 young (5120K), 5 survivors (5120K)
 Metaspace       used 142273K, committed 144960K, reserved 1179648K
  class space    used 19373K, committed 20672K, reserved 1048576K
}

